<?xml version="1.0" encoding="UTF-8"?>
<!-- Generated by org.testng.reporters.JUnitReportReporter -->
<testsuite skipped="0" hostname="DESKTOP-EQA0C24" name="Practice.TestNgBasic" tests="3" failures="0" timestamp="05 Apr 2022 10:09:21 GMT" time="0.052" errors="0">
  <testcase name="a" time="0.043" classname="Practice.TestNgBasic"/>
  <testcase name="demo" time="0.006" classname="Practice.TestNgBasic"/>
  <testcase name="tester" time="0.003" classname="Practice.TestNgBasic"/>
</testsuite> <!-- Practice.TestNgBasic -->
